11:50:18.519325 [0] listening at [::]:62142
11:50:18.521615 [1] listening at [::]:62143
11:50:18.522736 [2] listening at [::]:62144
11:50:18.523856 [3] listening at [::]:62145
11:50:18.525579 [4] listening at [::]:62146
11:50:18.548917 AT NODE 0: Election timer started: 3.274s, with term=0
11:50:18.548917 AT NODE 4: Election timer started: 3.605s, with term=0
11:50:18.548917 AT NODE 3: Election timer started: 3.588s, with term=0
11:50:18.548917 AT NODE 2: Election timer started: 3.033s, with term=0
11:50:18.549461 AT NODE 1: Election timer started: 4.8s, with term=0
11:50:21.751569 AT NODE 2: became Candidate with term=1;
11:50:21.751569 AT NODE 2: Election timer started: 5.123s, with term=1
11:50:21.751569 AT NODE 2: sending RequestVote to 0: {Term:1 CandidateId:2 LastLogIndex:-1 LastLogTerm:-1 Latency:301}
11:50:21.751569 AT NODE 2: sending RequestVote to 1: {Term:1 CandidateId:2 LastLogIndex:-1 LastLogTerm:-1 Latency:48}
11:50:21.751569 AT NODE 2: sending RequestVote to 4: {Term:1 CandidateId:2 LastLogIndex:-1 LastLogTerm:-1 Latency:462}
11:50:21.751569 AT NODE 2: sending RequestVote to 3: {Term:1 CandidateId:2 LastLogIndex:-1 LastLogTerm:-1 Latency:153}
11:50:21.830170 AT NODE 1: Received Vote Request from NODE 2; Args: {Term:1 CandidateId:2 LastLogIndex:-1 LastLogTerm:-1 Latency:48} [currentTerm=0, votedFor=-1, log index/term=(-1, -1)]
11:50:21.830170 AT NODE 1: became Follower with term=1; log=[]
11:50:21.830170 AT NODE 1: Sending Request Vote Reply: &{Term:1 VoteGranted:true}
11:50:21.831177 AT NODE 1: Election timer started: 3.044s, with term=1
11:50:21.831177 AT NODE 2: received RequestVoteReply from 1: {Term:1 VoteGranted:true}
11:50:21.939353 AT NODE 3: Received Vote Request from NODE 2; Args: {Term:1 CandidateId:2 LastLogIndex:-1 LastLogTerm:-1 Latency:153} [currentTerm=0, votedFor=-1, log index/term=(-1, -1)]
11:50:21.939353 AT NODE 3: became Follower with term=1; log=[]
11:50:21.939353 AT NODE 3: Sending Request Vote Reply: &{Term:1 VoteGranted:true}
11:50:21.939353 AT NODE 3: Election timer started: 4.176s, with term=1
11:50:21.939863 AT NODE 2: received RequestVoteReply from 3: {Term:1 VoteGranted:true}
11:50:21.939863 AT NODE 2: Candiate with ID 2 is now a Leader
11:50:21.939863 AT NODE 2: became Leader; term=1, nextIndex=map[0:0 1:0 3:0 4:0], matchIndex=map[0:-1 1:-1 3:-1 4:-1]; log=[]
11:50:21.954648 AT NODE 0: became Candidate with term=1;
11:50:21.954648 AT NODE 0: Election timer started: 5.99s, with term=1
11:50:21.954648 AT NODE 0: sending RequestVote to 1: {Term:1 CandidateId:0 LastLogIndex:-1 LastLogTerm:-1 Latency:175}
11:50:21.954648 AT NODE 0: sending RequestVote to 3: {Term:1 CandidateId:0 LastLogIndex:-1 LastLogTerm:-1 Latency:205}
11:50:21.954648 AT NODE 0: sending RequestVote to 4: {Term:1 CandidateId:0 LastLogIndex:-1 LastLogTerm:-1 Latency:413}
11:50:21.954648 AT NODE 0: sending RequestVote to 2: {Term:1 CandidateId:0 LastLogIndex:-1 LastLogTerm:-1 Latency:411}
11:50:22.080293 AT NODE 0: Received Vote Request from NODE 2; Args: {Term:1 CandidateId:2 LastLogIndex:-1 LastLogTerm:-1 Latency:301} [currentTerm=1, votedFor=0, log index/term=(-1, -1)]
11:50:22.080293 AT NODE 0: Sending Request Vote Reply: &{Term:1 VoteGranted:false}
11:50:22.080293 AT NODE 2: received RequestVoteReply from 0: {Term:1 VoteGranted:false}
11:50:22.080293 AT NODE 2: State changed from Candidate to Leader
11:50:22.157173 AT NODE 4: became Candidate with term=1;
11:50:22.157173 AT NODE 4: Election timer started: 5.186s, with term=1
11:50:22.157173 AT NODE 4: sending RequestVote to 0: {Term:1 CandidateId:4 LastLogIndex:-1 LastLogTerm:-1 Latency:174}
11:50:22.157173 AT NODE 1: Received Vote Request from NODE 0; Args: {Term:1 CandidateId:0 LastLogIndex:-1 LastLogTerm:-1 Latency:175} [currentTerm=1, votedFor=2, log index/term=(-1, -1)]
11:50:22.157173 AT NODE 1: Sending Request Vote Reply: &{Term:1 VoteGranted:false}
11:50:22.157173 AT NODE 4: sending RequestVote to 1: {Term:1 CandidateId:4 LastLogIndex:-1 LastLogTerm:-1 Latency:68}
11:50:22.157173 AT NODE 4: sending RequestVote to 2: {Term:1 CandidateId:4 LastLogIndex:-1 LastLogTerm:-1 Latency:160}
11:50:22.157173 AT NODE 4: sending RequestVote to 3: {Term:1 CandidateId:4 LastLogIndex:-1 LastLogTerm:-1 Latency:110}
11:50:22.157688 AT NODE 0: received RequestVoteReply from 1: {Term:1 VoteGranted:false}
11:50:22.188123 AT NODE 3: Received Vote Request from NODE 0; Args: {Term:1 CandidateId:0 LastLogIndex:-1 LastLogTerm:-1 Latency:205} [currentTerm=1, votedFor=2, log index/term=(-1, -1)]
11:50:22.188123 AT NODE 4: became Follower with term=1; log=[]
11:50:22.188123 AT NODE 3: Sending Request Vote Reply: &{Term:1 VoteGranted:false}
11:50:22.188123 AT NODE 4: Election timer started: 4.433s, with term=1
11:50:22.188123 AT NODE 0: received RequestVoteReply from 3: {Term:1 VoteGranted:false}
11:50:22.235379 AT NODE 4: Received Vote Request from NODE 2; Args: {Term:1 CandidateId:2 LastLogIndex:-1 LastLogTerm:-1 Latency:462} [currentTerm=1, votedFor=-1, log index/term=(-1, -1)]
11:50:22.235379 AT NODE 4: Sending Request Vote Reply: &{Term:1 VoteGranted:true}
11:50:22.235379 AT NODE 2: received RequestVoteReply from 4: {Term:1 VoteGranted:true}
11:50:22.235379 AT NODE 2: State changed from Candidate to Leader
11:50:22.250933 AT NODE 1: Received Vote Request from NODE 4; Args: {Term:1 CandidateId:4 LastLogIndex:-1 LastLogTerm:-1 Latency:68} [currentTerm=1, votedFor=2, log index/term=(-1, -1)]
11:50:22.251332 AT NODE 1: Sending Request Vote Reply: &{Term:1 VoteGranted:false}
11:50:22.251895 AT NODE 4: received RequestVoteReply from 1: {Term:1 VoteGranted:false}
11:50:22.251895 AT NODE 4: State changed from Candidate to Follower
11:50:22.298262 AT NODE 3: Received Vote Request from NODE 4; Args: {Term:1 CandidateId:4 LastLogIndex:-1 LastLogTerm:-1 Latency:110} [currentTerm=1, votedFor=2, log index/term=(-1, -1)]
11:50:22.298262 AT NODE 3: Sending Request Vote Reply: &{Term:1 VoteGranted:false}
11:50:22.298776 AT NODE 4: received RequestVoteReply from 3: {Term:1 VoteGranted:false}
11:50:22.298827 AT NODE 4: State changed from Candidate to Follower
11:50:22.330043 AT NODE 2: ReceiveClientCommand received by Leader: Set X = 5
11:50:22.330043 AT NODE 2: Log=[{Set X = 5 1}]
11:50:22.330043 AT NODE 2: ReceiveClientCommand received by Leader: Set X = 1000
11:50:22.330043 AT NODE 2: Log=[{Set X = 5 1} {Set X = 1000 1}]
11:50:22.345716 AT NODE 0: became Follower with term=1; log=[]
11:50:22.345716 AT NODE 2: Received Vote Request from NODE 4; Args: {Term:1 CandidateId:4 LastLogIndex:-1 LastLogTerm:-1 Latency:160} [currentTerm=1, votedFor=2, log index/term=(1, 1)]
11:50:22.345716 AT NODE 0: Election timer started: 5.243s, with term=1
11:50:22.345716 AT NODE 2: Sending Request Vote Reply: &{Term:1 VoteGranted:false}
11:50:22.345716 AT NODE 4: received RequestVoteReply from 2: {Term:1 VoteGranted:false}
11:50:22.345716 AT NODE 4: State changed from Candidate to Follower
11:50:22.361934 AT NODE 0: Received Vote Request from NODE 4; Args: {Term:1 CandidateId:4 LastLogIndex:-1 LastLogTerm:-1 Latency:174} [currentTerm=1, votedFor=-1, log index/term=(-1, -1)]
11:50:22.361934 AT NODE 0: Sending Request Vote Reply: &{Term:1 VoteGranted:true}
11:50:22.362501 AT NODE 4: received RequestVoteReply from 0: {Term:1 VoteGranted:true}
11:50:22.362501 AT NODE 4: State changed from Candidate to Follower
11:50:22.393707 AT NODE 4: Received Vote Request from NODE 0; Args: {Term:1 CandidateId:0 LastLogIndex:-1 LastLogTerm:-1 Latency:413} [currentTerm=1, votedFor=2, log index/term=(-1, -1)]
11:50:22.393707 AT NODE 4: Sending Request Vote Reply: &{Term:1 VoteGranted:false}
11:50:22.393707 AT NODE 2: Received Vote Request from NODE 0; Args: {Term:1 CandidateId:0 LastLogIndex:-1 LastLogTerm:-1 Latency:411} [currentTerm=1, votedFor=2, log index/term=(1, 1)]
11:50:22.393707 AT NODE 2: Sending Request Vote Reply: &{Term:1 VoteGranted:false}
11:50:22.394219 AT NODE 0: received RequestVoteReply from 4: {Term:1 VoteGranted:false}
11:50:22.394219 AT NODE 0: State changed from Candidate to Follower
11:50:22.394219 AT NODE 0: received RequestVoteReply from 2: {Term:1 VoteGranted:false}
11:50:22.394219 AT NODE 0: State changed from Candidate to Follower
11:50:22.953057 AT NODE 2: sending AppendEntries to 0: currentPeer_nextIndex=0, args={Term:1 LeaderId:2 PrevLogIndex:-1 PrevLogTerm:-1 Entries:[{Command:Set X = 5 Term:1} {Command:Set X = 1000 Term:1}] LeaderCommit:-1 Latency:120}
11:50:22.953057 AT NODE 2: sending AppendEntries to 1: currentPeer_nextIndex=0, args={Term:1 LeaderId:2 PrevLogIndex:-1 PrevLogTerm:-1 Entries:[{Command:Set X = 5 Term:1} {Command:Set X = 1000 Term:1}] LeaderCommit:-1 Latency:121}
11:50:22.953057 AT NODE 2: sending AppendEntries to 3: currentPeer_nextIndex=0, args={Term:1 LeaderId:2 PrevLogIndex:-1 PrevLogTerm:-1 Entries:[{Command:Set X = 5 Term:1} {Command:Set X = 1000 Term:1}] LeaderCommit:-1 Latency:97}
11:50:22.953570 AT NODE 2: sending AppendEntries to 4: currentPeer_nextIndex=0, args={Term:1 LeaderId:2 PrevLogIndex:-1 PrevLogTerm:-1 Entries:[{Command:Set X = 5 Term:1} {Command:Set X = 1000 Term:1}] LeaderCommit:-1 Latency:340}
11:50:23.077159 AT NODE 3: Received AppendEntries from NODE 2; args: {Term:1 LeaderId:2 PrevLogIndex:-1 PrevLogTerm:-1 Entries:[{Command:Set X = 5 Term:1} {Command:Set X = 1000 Term:1}] LeaderCommit:-1 Latency:97}
11:50:23.077539 AT NODE 3: Log is now: [{Set X = 5 1} {Set X = 1000 1}]
11:50:23.077539 AT NODE 3: Sending AppendEntries reply: {Term:1 Success:true}
11:50:23.077663 AT NODE 2: AppendEntries reply from NODE 3 success: nextIndex := map[0:0 1:0 3:0 4:0], matchIndex := map[0:-1 1:-1 3:1 4:-1]
11:50:23.107800 AT NODE 0: Received AppendEntries from NODE 2; args: {Term:1 LeaderId:2 PrevLogIndex:-1 PrevLogTerm:-1 Entries:[{Command:Set X = 5 Term:1} {Command:Set X = 1000 Term:1}] LeaderCommit:-1 Latency:120}
11:50:23.107800 AT NODE 0: Log is now: [{Set X = 5 1} {Set X = 1000 1}]
11:50:23.107800 AT NODE 1: Received AppendEntries from NODE 2; args: {Term:1 LeaderId:2 PrevLogIndex:-1 PrevLogTerm:-1 Entries:[{Command:Set X = 5 Term:1} {Command:Set X = 1000 Term:1}] LeaderCommit:-1 Latency:121}
11:50:23.107800 AT NODE 1: Log is now: [{Set X = 5 1} {Set X = 1000 1}]
11:50:23.107800 AT NODE 1: Sending AppendEntries reply: {Term:1 Success:true}
11:50:23.107800 AT NODE 0: Sending AppendEntries reply: {Term:1 Success:true}
11:50:23.107800 AT NODE 2: AppendEntries reply from NODE 1 success: nextIndex := map[0:0 1:0 3:0 4:0], matchIndex := map[0:-1 1:1 3:1 4:-1]
11:50:23.107800 AT NODE 2: leader sets commitIndex := 1
11:50:23.108345 AT NODE 2: AppendEntries reply from NODE 0 success: nextIndex := map[0:2 1:0 3:0 4:0], matchIndex := map[0:1 1:1 3:1 4:-1]
11:50:23.326248 AT NODE 4: Received AppendEntries from NODE 2; args: {Term:1 LeaderId:2 PrevLogIndex:-1 PrevLogTerm:-1 Entries:[{Command:Set X = 5 Term:1} {Command:Set X = 1000 Term:1}] LeaderCommit:-1 Latency:340}
11:50:23.326248 AT NODE 4: Log is now: [{Set X = 5 1} {Set X = 1000 1}]
11:50:23.326248 AT NODE 4: Sending AppendEntries reply: {Term:1 Success:true}
11:50:23.326248 AT NODE 2: AppendEntries reply from NODE 4 success: nextIndex := map[0:2 1:0 3:0 4:2], matchIndex := map[0:1 1:1 3:1 4:1]
11:50:23.952336 AT NODE 2: sending AppendEntries to 3: currentPeer_nextIndex=0, args={Term:1 LeaderId:2 PrevLogIndex:-1 PrevLogTerm:-1 Entries:[{Command:Set X = 5 Term:1} {Command:Set X = 1000 Term:1}] LeaderCommit:1 Latency:213}
11:50:23.952336 AT NODE 2: sending AppendEntries to 1: currentPeer_nextIndex=0, args={Term:1 LeaderId:2 PrevLogIndex:-1 PrevLogTerm:-1 Entries:[{Command:Set X = 5 Term:1} {Command:Set X = 1000 Term:1}] LeaderCommit:1 Latency:53}
11:50:24.030616 AT NODE 1: Received AppendEntries from NODE 2; args: {Term:1 LeaderId:2 PrevLogIndex:-1 PrevLogTerm:-1 Entries:[{Command:Set X = 5 Term:1} {Command:Set X = 1000 Term:1}] LeaderCommit:1 Latency:53}
11:50:24.030616 AT NODE 1: Sending AppendEntries reply: {Term:1 Success:true}
11:50:24.030616 AT NODE 2: AppendEntries reply from NODE 1 success: nextIndex := map[0:2 1:2 3:0 4:2], matchIndex := map[0:1 1:1 3:1 4:1]
11:50:24.187636 AT NODE 3: Received AppendEntries from NODE 2; args: {Term:1 LeaderId:2 PrevLogIndex:-1 PrevLogTerm:-1 Entries:[{Command:Set X = 5 Term:1} {Command:Set X = 1000 Term:1}] LeaderCommit:1 Latency:213}
11:50:24.187636 AT NODE 3: Sending AppendEntries reply: {Term:1 Success:true}
11:50:24.187636 AT NODE 2: AppendEntries reply from NODE 3 success: nextIndex := map[0:2 1:2 3:2 4:2], matchIndex := map[0:1 1:1 3:1 4:1]
11:50:25.337492 [ACTION] Disconnecting 2
11:50:28.238247 AT NODE 1: became Candidate with term=2;
11:50:28.238247 AT NODE 1: Election timer started: 3.202s, with term=2
11:50:28.238247 AT NODE 1: sending RequestVote to 3: {Term:2 CandidateId:1 LastLogIndex:1 LastLogTerm:1 Latency:189}
11:50:28.238247 AT NODE 1: sending RequestVote to 0: {Term:2 CandidateId:1 LastLogIndex:1 LastLogTerm:1 Latency:244}
11:50:28.238247 AT NODE 1: sending RequestVote to 4: {Term:2 CandidateId:1 LastLogIndex:1 LastLogTerm:1 Latency:367}
11:50:28.238247 AT NODE 1: sending RequestVote to 2: {Term:2 CandidateId:1 LastLogIndex:1 LastLogTerm:1 Latency:300}
11:50:28.457920 AT NODE 3: Received Vote Request from NODE 1; Args: {Term:2 CandidateId:1 LastLogIndex:1 LastLogTerm:1 Latency:189} [currentTerm=1, votedFor=2, log index/term=(1, 1)]
11:50:28.457920 AT NODE 3: became Follower with term=2; log=[{Set X = 5 1} {Set X = 1000 1}]
11:50:28.457920 AT NODE 3: Sending Request Vote Reply: &{Term:2 VoteGranted:true}
11:50:28.457920 AT NODE 3: Election timer started: 5.703s, with term=2
11:50:28.457920 AT NODE 1: received RequestVoteReply from 3: {Term:2 VoteGranted:true}
11:50:28.504642 AT NODE 0: Received Vote Request from NODE 1; Args: {Term:2 CandidateId:1 LastLogIndex:1 LastLogTerm:1 Latency:244} [currentTerm=1, votedFor=4, log index/term=(1, 1)]
11:50:28.504642 AT NODE 0: became Follower with term=2; log=[{Set X = 5 1} {Set X = 1000 1}]
11:50:28.504642 AT NODE 0: Sending Request Vote Reply: &{Term:2 VoteGranted:true}
11:50:28.504642 AT NODE 0: Election timer started: 4.68s, with term=2
11:50:28.504642 AT NODE 1: received RequestVoteReply from 0: {Term:2 VoteGranted:true}
11:50:28.504642 AT NODE 1: Candiate with ID 1 is now a Leader
11:50:28.504642 AT NODE 1: became Leader; term=2, nextIndex=map[0:2 2:2 3:2 4:2], matchIndex=map[0:-1 2:-1 3:-1 4:-1]; log=[{Set X = 5 1} {Set X = 1000 1}]
11:50:28.629944 AT NODE 4: Received Vote Request from NODE 1; Args: {Term:2 CandidateId:1 LastLogIndex:1 LastLogTerm:1 Latency:367} [currentTerm=1, votedFor=2, log index/term=(1, 1)]
11:50:28.629944 AT NODE 4: became Follower with term=2; log=[{Set X = 5 1} {Set X = 1000 1}]
11:50:28.629944 AT NODE 4: Sending Request Vote Reply: &{Term:2 VoteGranted:true}
11:50:28.629944 AT NODE 4: Election timer started: 3.578s, with term=2
11:50:28.629944 AT NODE 1: received RequestVoteReply from 4: {Term:2 VoteGranted:true}
11:50:28.630453 AT NODE 1: State changed from Candidate to Leader
11:50:29.158872 AT NODE 1: ReceiveClientCommand received by Leader: Set X = X+10
11:50:29.159119 AT NODE 1: Log=[{Set X = 5 1} {Set X = 1000 1} {Set X = X+10 2}]
11:50:29.159119 AT NODE 1: ReceiveClientCommand received by Leader: Set X = X+1
11:50:29.159119 AT NODE 1: Log=[{Set X = 5 1} {Set X = 1000 1} {Set X = X+10 2} {Set X = X+1 2}]
11:50:29.159119 AT NODE 1: ReceiveClientCommand received by Leader: Set Y = 5
11:50:29.159119 AT NODE 1: Log=[{Set X = 5 1} {Set X = 1000 1} {Set X = X+10 2} {Set X = X+1 2} {Set Y = 5 2}]
11:50:29.159119 AT NODE 1: ReceiveClientCommand received by Leader: Set Y = X+Y
11:50:29.159119 AT NODE 1: Log=[{Set X = 5 1} {Set X = 1000 1} {Set X = X+10 2} {Set X = X+1 2} {Set Y = 5 2} {Set Y = X+Y 2}]
11:50:29.159119 AT NODE 1: ReceiveClientCommand received by Leader: Set Y = Y+3
11:50:29.159119 AT NODE 1: Log=[{Set X = 5 1} {Set X = 1000 1} {Set X = X+10 2} {Set X = X+1 2} {Set Y = 5 2} {Set Y = X+Y 2} {Set Y = Y+3 2}]
11:50:29.159119 AT NODE 1: ReceiveClientCommand received by Leader: Set Z = -1
11:50:29.159119 AT NODE 1: Log=[{Set X = 5 1} {Set X = 1000 1} {Set X = X+10 2} {Set X = X+1 2} {Set Y = 5 2} {Set Y = X+Y 2} {Set Y = Y+3 2} {Set Z = -1 2}]
11:50:29.518129 AT NODE 1: sending AppendEntries to 4: currentPeer_nextIndex=2, args={Term:2 LeaderId:1 PrevLogIndex:1 PrevLogTerm:1 Entries:[{Command:Set X = X+10 Term:2} {Command:Set X = X+1 Term:2} {Command:Set Y = 5 Term:2} {Command:Set Y = X+Y Term:2} {Command:Set Y = Y+3 Term:2} {Command:Set Z = -1 Term:2}] LeaderCommit:1 Latency:42}
11:50:29.518129 AT NODE 1: sending AppendEntries to 3: currentPeer_nextIndex=2, args={Term:2 LeaderId:1 PrevLogIndex:1 PrevLogTerm:1 Entries:[{Command:Set X = X+10 Term:2} {Command:Set X = X+1 Term:2} {Command:Set Y = 5 Term:2} {Command:Set Y = X+Y Term:2} {Command:Set Y = Y+3 Term:2} {Command:Set Z = -1 Term:2}] LeaderCommit:1 Latency:125}
11:50:29.518129 AT NODE 1: sending AppendEntries to 0: currentPeer_nextIndex=2, args={Term:2 LeaderId:1 PrevLogIndex:1 PrevLogTerm:1 Entries:[{Command:Set X = X+10 Term:2} {Command:Set X = X+1 Term:2} {Command:Set Y = 5 Term:2} {Command:Set Y = X+Y Term:2} {Command:Set Y = Y+3 Term:2} {Command:Set Z = -1 Term:2}] LeaderCommit:1 Latency:79}
11:50:29.518129 AT NODE 1: sending AppendEntries to 2: currentPeer_nextIndex=2, args={Term:2 LeaderId:1 PrevLogIndex:1 PrevLogTerm:1 Entries:[{Command:Set X = X+10 Term:2} {Command:Set X = X+1 Term:2} {Command:Set Y = 5 Term:2} {Command:Set Y = X+Y Term:2} {Command:Set Y = Y+3 Term:2} {Command:Set Z = -1 Term:2}] LeaderCommit:1 Latency:493}
11:50:29.595028 AT NODE 4: Received AppendEntries from NODE 1; args: {Term:2 LeaderId:1 PrevLogIndex:1 PrevLogTerm:1 Entries:[{Command:Set X = X+10 Term:2} {Command:Set X = X+1 Term:2} {Command:Set Y = 5 Term:2} {Command:Set Y = X+Y Term:2} {Command:Set Y = Y+3 Term:2} {Command:Set Z = -1 Term:2}] LeaderCommit:1 Latency:42}
11:50:29.595028 AT NODE 4: Log is now: [{Set X = 5 1} {Set X = 1000 1} {Set X = X+10 2} {Set X = X+1 2} {Set Y = 5 2} {Set Y = X+Y 2} {Set Y = Y+3 2} {Set Z = -1 2}]
11:50:29.595028 AT NODE 4: Sending AppendEntries reply: {Term:2 Success:true}
11:50:29.595028 AT NODE 1: AppendEntries reply from NODE 4 success: nextIndex := map[0:2 2:2 3:2 4:2], matchIndex := map[0:1 2:-1 3:1 4:7]
11:50:29.627237 AT NODE 0: Received AppendEntries from NODE 1; args: {Term:2 LeaderId:1 PrevLogIndex:1 PrevLogTerm:1 Entries:[{Command:Set X = X+10 Term:2} {Command:Set X = X+1 Term:2} {Command:Set Y = 5 Term:2} {Command:Set Y = X+Y Term:2} {Command:Set Y = Y+3 Term:2} {Command:Set Z = -1 Term:2}] LeaderCommit:1 Latency:79}
11:50:29.627237 AT NODE 0: Log is now: [{Set X = 5 1} {Set X = 1000 1} {Set X = X+10 2} {Set X = X+1 2} {Set Y = 5 2} {Set Y = X+Y 2} {Set Y = Y+3 2} {Set Z = -1 2}]
11:50:29.627237 AT NODE 0: Sending AppendEntries reply: {Term:2 Success:true}
11:50:29.627237 AT NODE 1: AppendEntries reply from NODE 0 success: nextIndex := map[0:2 2:2 3:2 4:2], matchIndex := map[0:7 2:-1 3:1 4:7]
11:50:29.627237 AT NODE 1: leader sets commitIndex := 7
11:50:29.673594 AT NODE 3: Received AppendEntries from NODE 1; args: {Term:2 LeaderId:1 PrevLogIndex:1 PrevLogTerm:1 Entries:[{Command:Set X = X+10 Term:2} {Command:Set X = X+1 Term:2} {Command:Set Y = 5 Term:2} {Command:Set Y = X+Y Term:2} {Command:Set Y = Y+3 Term:2} {Command:Set Z = -1 Term:2}] LeaderCommit:1 Latency:125}
11:50:29.673594 AT NODE 3: Log is now: [{Set X = 5 1} {Set X = 1000 1} {Set X = X+10 2} {Set X = X+1 2} {Set Y = 5 2} {Set Y = X+Y 2} {Set Y = Y+3 2} {Set Z = -1 2}]
11:50:29.673594 AT NODE 3: Sending AppendEntries reply: {Term:2 Success:true}
11:50:29.673594 AT NODE 1: AppendEntries reply from NODE 3 success: nextIndex := map[0:2 2:2 3:8 4:2], matchIndex := map[0:7 2:-1 3:7 4:7]
11:50:30.515607 AT NODE 1: sending AppendEntries to 4: currentPeer_nextIndex=2, args={Term:2 LeaderId:1 PrevLogIndex:1 PrevLogTerm:1 Entries:[{Command:Set X = X+10 Term:2} {Command:Set X = X+1 Term:2} {Command:Set Y = 5 Term:2} {Command:Set Y = X+Y Term:2} {Command:Set Y = Y+3 Term:2} {Command:Set Z = -1 Term:2}] LeaderCommit:7 Latency:329}
11:50:30.515607 AT NODE 1: sending AppendEntries to 2: currentPeer_nextIndex=2, args={Term:2 LeaderId:1 PrevLogIndex:1 PrevLogTerm:1 Entries:[{Command:Set X = X+10 Term:2} {Command:Set X = X+1 Term:2} {Command:Set Y = 5 Term:2} {Command:Set Y = X+Y Term:2} {Command:Set Y = Y+3 Term:2} {Command:Set Z = -1 Term:2}] LeaderCommit:7 Latency:476}
11:50:30.515607 AT NODE 1: sending AppendEntries to 0: currentPeer_nextIndex=2, args={Term:2 LeaderId:1 PrevLogIndex:1 PrevLogTerm:1 Entries:[{Command:Set X = X+10 Term:2} {Command:Set X = X+1 Term:2} {Command:Set Y = 5 Term:2} {Command:Set Y = X+Y Term:2} {Command:Set Y = Y+3 Term:2} {Command:Set Z = -1 Term:2}] LeaderCommit:7 Latency:365}
11:50:30.874571 AT NODE 4: Received AppendEntries from NODE 1; args: {Term:2 LeaderId:1 PrevLogIndex:1 PrevLogTerm:1 Entries:[{Command:Set X = X+10 Term:2} {Command:Set X = X+1 Term:2} {Command:Set Y = 5 Term:2} {Command:Set Y = X+Y Term:2} {Command:Set Y = Y+3 Term:2} {Command:Set Z = -1 Term:2}] LeaderCommit:7 Latency:329}
11:50:30.874571 AT NODE 4: Sending AppendEntries reply: {Term:2 Success:true}
11:50:30.874571 AT NODE 1: AppendEntries reply from NODE 4 success: nextIndex := map[0:2 2:2 3:8 4:8], matchIndex := map[0:7 2:-1 3:7 4:7]
11:50:30.905135 AT NODE 0: Received AppendEntries from NODE 1; args: {Term:2 LeaderId:1 PrevLogIndex:1 PrevLogTerm:1 Entries:[{Command:Set X = X+10 Term:2} {Command:Set X = X+1 Term:2} {Command:Set Y = 5 Term:2} {Command:Set Y = X+Y Term:2} {Command:Set Y = Y+3 Term:2} {Command:Set Z = -1 Term:2}] LeaderCommit:7 Latency:365}
11:50:30.905135 AT NODE 0: Sending AppendEntries reply: {Term:2 Success:true}
11:50:30.905135 AT NODE 1: AppendEntries reply from NODE 0 success: nextIndex := map[0:8 2:2 3:8 4:8], matchIndex := map[0:7 2:-1 3:7 4:7]
11:50:31.512993 AT NODE 1: sending AppendEntries to 2: currentPeer_nextIndex=2, args={Term:2 LeaderId:1 PrevLogIndex:1 PrevLogTerm:1 Entries:[{Command:Set X = X+10 Term:2} {Command:Set X = X+1 Term:2} {Command:Set Y = 5 Term:2} {Command:Set Y = X+Y Term:2} {Command:Set Y = Y+3 Term:2} {Command:Set Z = -1 Term:2}] LeaderCommit:7 Latency:117}
11:50:32.169263 AT NODE 1: ReceiveClientCommand received by Leader: Set Z = 3
11:50:32.169263 AT NODE 1: Log=[{Set X = 5 1} {Set X = 1000 1} {Set X = X+10 2} {Set X = X+1 2} {Set Y = 5 2} {Set Y = X+Y 2} {Set Y = Y+3 2} {Set Z = -1 2} {Set Z = 3 2}]
11:50:32.511835 AT NODE 1: sending AppendEntries to 4: currentPeer_nextIndex=8, args={Term:2 LeaderId:1 PrevLogIndex:7 PrevLogTerm:2 Entries:[{Command:Set Z = 3 Term:2}] LeaderCommit:7 Latency:7}
11:50:32.511835 AT NODE 1: sending AppendEntries to 2: currentPeer_nextIndex=2, args={Term:2 LeaderId:1 PrevLogIndex:1 PrevLogTerm:1 Entries:[{Command:Set X = X+10 Term:2} {Command:Set X = X+1 Term:2} {Command:Set Y = 5 Term:2} {Command:Set Y = X+Y Term:2} {Command:Set Y = Y+3 Term:2} {Command:Set Z = -1 Term:2} {Command:Set Z = 3 Term:2}] LeaderCommit:7 Latency:443}
11:50:32.511835 AT NODE 1: sending AppendEntries to 3: currentPeer_nextIndex=8, args={Term:2 LeaderId:1 PrevLogIndex:7 PrevLogTerm:2 Entries:[{Command:Set Z = 3 Term:2}] LeaderCommit:7 Latency:443}
11:50:32.511835 AT NODE 1: sending AppendEntries to 0: currentPeer_nextIndex=8, args={Term:2 LeaderId:1 PrevLogIndex:7 PrevLogTerm:2 Entries:[{Command:Set Z = 3 Term:2}] LeaderCommit:7 Latency:476}
11:50:32.543211 AT NODE 4: Received AppendEntries from NODE 1; args: {Term:2 LeaderId:1 PrevLogIndex:7 PrevLogTerm:2 Entries:[{Command:Set Z = 3 Term:2}] LeaderCommit:7 Latency:7}
11:50:32.543211 AT NODE 4: Log is now: [{Set X = 5 1} {Set X = 1000 1} {Set X = X+10 2} {Set X = X+1 2} {Set Y = 5 2} {Set Y = X+Y 2} {Set Y = Y+3 2} {Set Z = -1 2} {Set Z = 3 2}]
11:50:32.543211 AT NODE 4: Sending AppendEntries reply: {Term:2 Success:true}
11:50:32.543211 AT NODE 1: AppendEntries reply from NODE 4 success: nextIndex := map[0:8 2:2 3:8 4:8], matchIndex := map[0:7 2:-1 3:7 4:8]
11:50:32.979476 AT NODE 3: Received AppendEntries from NODE 1; args: {Term:2 LeaderId:1 PrevLogIndex:7 PrevLogTerm:2 Entries:[{Command:Set Z = 3 Term:2}] LeaderCommit:7 Latency:443}
11:50:32.979476 AT NODE 3: Log is now: [{Set X = 5 1} {Set X = 1000 1} {Set X = X+10 2} {Set X = X+1 2} {Set Y = 5 2} {Set Y = X+Y 2} {Set Y = Y+3 2} {Set Z = -1 2} {Set Z = 3 2}]
11:50:32.979476 AT NODE 3: Sending AppendEntries reply: {Term:2 Success:true}
11:50:32.979476 AT NODE 1: AppendEntries reply from NODE 3 success: nextIndex := map[0:8 2:2 3:8 4:8], matchIndex := map[0:7 2:-1 3:8 4:8]
11:50:32.979476 AT NODE 1: leader sets commitIndex := 8
11:50:33.011298 AT NODE 0: Received AppendEntries from NODE 1; args: {Term:2 LeaderId:1 PrevLogIndex:7 PrevLogTerm:2 Entries:[{Command:Set Z = 3 Term:2}] LeaderCommit:7 Latency:476}
11:50:33.011298 AT NODE 0: Log is now: [{Set X = 5 1} {Set X = 1000 1} {Set X = X+10 2} {Set X = X+1 2} {Set Y = 5 2} {Set Y = X+Y 2} {Set Y = Y+3 2} {Set Z = -1 2} {Set Z = 3 2}]
11:50:33.011298 AT NODE 0: Sending AppendEntries reply: {Term:2 Success:true}
11:50:33.011298 AT NODE 1: AppendEntries reply from NODE 0 success: nextIndex := map[0:9 2:2 3:8 4:8], matchIndex := map[0:8 2:-1 3:8 4:8]
11:50:33.510261 AT NODE 1: sending AppendEntries to 2: currentPeer_nextIndex=2, args={Term:2 LeaderId:1 PrevLogIndex:1 PrevLogTerm:1 Entries:[{Command:Set X = X+10 Term:2} {Command:Set X = X+1 Term:2} {Command:Set Y = 5 Term:2} {Command:Set Y = X+Y Term:2} {Command:Set Y = Y+3 Term:2} {Command:Set Z = -1 Term:2} {Command:Set Z = 3 Term:2}] LeaderCommit:8 Latency:354}
11:50:33.510261 AT NODE 1: sending AppendEntries to 3: currentPeer_nextIndex=8, args={Term:2 LeaderId:1 PrevLogIndex:7 PrevLogTerm:2 Entries:[{Command:Set Z = 3 Term:2}] LeaderCommit:8 Latency:256}
11:50:33.510261 AT NODE 1: sending AppendEntries to 4: currentPeer_nextIndex=8, args={Term:2 LeaderId:1 PrevLogIndex:7 PrevLogTerm:2 Entries:[{Command:Set Z = 3 Term:2}] LeaderCommit:8 Latency:204}
11:50:33.744739 AT NODE 4: Received AppendEntries from NODE 1; args: {Term:2 LeaderId:1 PrevLogIndex:7 PrevLogTerm:2 Entries:[{Command:Set Z = 3 Term:2}] LeaderCommit:8 Latency:204}
11:50:33.744739 AT NODE 4: Sending AppendEntries reply: {Term:2 Success:true}
11:50:33.744739 AT NODE 1: AppendEntries reply from NODE 4 success: nextIndex := map[0:9 2:2 3:8 4:9], matchIndex := map[0:8 2:-1 3:8 4:8]
11:50:33.790721 AT NODE 3: Received AppendEntries from NODE 1; args: {Term:2 LeaderId:1 PrevLogIndex:7 PrevLogTerm:2 Entries:[{Command:Set Z = 3 Term:2}] LeaderCommit:8 Latency:256}
11:50:33.790721 AT NODE 3: Sending AppendEntries reply: {Term:2 Success:true}
11:50:33.790721 AT NODE 1: AppendEntries reply from NODE 3 success: nextIndex := map[0:9 2:2 3:9 4:9], matchIndex := map[0:8 2:-1 3:8 4:8]
11:50:34.507155 AT NODE 1: sending AppendEntries to 2: currentPeer_nextIndex=2, args={Term:2 LeaderId:1 PrevLogIndex:1 PrevLogTerm:1 Entries:[{Command:Set X = X+10 Term:2} {Command:Set X = X+1 Term:2} {Command:Set Y = 5 Term:2} {Command:Set Y = X+Y Term:2} {Command:Set Y = Y+3 Term:2} {Command:Set Z = -1 Term:2} {Command:Set Z = 3 Term:2}] LeaderCommit:8 Latency:498}
11:50:35.178387 [ACTION] Reconnecting 2
11:50:35.504691 AT NODE 1: sending AppendEntries to 2: currentPeer_nextIndex=2, args={Term:2 LeaderId:1 PrevLogIndex:1 PrevLogTerm:1 Entries:[{Command:Set X = X+10 Term:2} {Command:Set X = X+1 Term:2} {Command:Set Y = 5 Term:2} {Command:Set Y = X+Y Term:2} {Command:Set Y = Y+3 Term:2} {Command:Set Z = -1 Term:2} {Command:Set Z = 3 Term:2}] LeaderCommit:8 Latency:246}
11:50:35.785494 AT NODE 2: Received AppendEntries from NODE 1; args: {Term:2 LeaderId:1 PrevLogIndex:1 PrevLogTerm:1 Entries:[{Command:Set X = X+10 Term:2} {Command:Set X = X+1 Term:2} {Command:Set Y = 5 Term:2} {Command:Set Y = X+Y Term:2} {Command:Set Y = Y+3 Term:2} {Command:Set Z = -1 Term:2} {Command:Set Z = 3 Term:2}] LeaderCommit:8 Latency:246}
11:50:35.785494 AT NODE 2: became Follower with term=2; log=[{Set X = 5 1} {Set X = 1000 1} {Set X = X-5 1}]
11:50:35.785494 AT NODE 2: Log is now: [{Set X = 5 1} {Set X = 1000 1} {Set X = X+10 2} {Set X = X+1 2} {Set Y = 5 2} {Set Y = X+Y 2} {Set Y = Y+3 2} {Set Z = -1 2} {Set Z = 3 2}]
11:50:35.785494 AT NODE 2: Sending AppendEntries reply: {Term:2 Success:true}
11:50:35.786005 AT NODE 1: AppendEntries reply from NODE 2 success: nextIndex := map[0:9 2:9 3:9 4:9], matchIndex := map[0:8 2:8 3:8 4:8]
11:50:35.786005 AT NODE 2: Election timer started: 4.309s, with term=2
11:50:50.191084 AT NODE 0: KILLED
11:50:50.191084 AT NODE 0: applyCommitedLogEntries done
11:50:50.191592 AT NODE 1: KILLED
11:50:50.191592 AT NODE 1: applyCommitedLogEntries done
11:50:50.191592 AT NODE 2: KILLED
11:50:50.191592 AT NODE 2: applyCommitedLogEntries done
11:50:50.191592 AT NODE 3: KILLED
11:50:50.191592 AT NODE 3: applyCommitedLogEntries done
11:50:50.192203 AT NODE 4: KILLED
11:50:50.192203 AT NODE 4: applyCommitedLogEntries done
PASS
ok  	RaftLogReplication	32.125s
